v8-version,7,9,317,25,-node.32,0
new,CodeRange,0x526e840000,134217728
new,MemoryChunk,0x1f52b5c0000,262144
new,MemoryChunk,0x33678900000,262144
new,MemoryChunk,0x9acb5c0000,262144
new,MemoryChunk,0x649ef80000,262144
new,MemoryChunk,0x30da71c0000,262144
heap-capacity,1047424
heap-available,2198599424
new,MemoryChunk,0x121a51c0000,262144
new,MemoryChunk,0x526e880000,262144
new,MemoryChunk,0x15464ec0000,262144
new,MemoryChunk,0x33da9c40000,262144
new,MemoryChunk,0xfe6fb00000,262144
new,MemoryChunk,0x35175400000,262144
new,MemoryChunk,0x526e8c0000,262144
new,MemoryChunk,0x1f689e80000,262144
new,MemoryChunk,0x255f2b40000,262144
new,MemoryChunk,0x2bbcd180000,262144
new,MemoryChunk,0x2837c5c0000,262144
new,MemoryChunk,0x3914f300000,262144
scavenge,begin,0,31200,1608213840728
scavenge,end,0,31200,1608213840729
new,MemoryChunk,0x1a0d8000000,262144
new,MemoryChunk,0x2bfb7d00000,135168
scavenge,begin,0,62400,1608213840747
new,MemoryChunk,0x33fef080000,262144
new,MemoryChunk,0xadc3200000,262144
new,MemoryChunk,0x313a68c0000,262144
scavenge,end,0,62400,1608213840748
new,MemoryChunk,0x2c67dc40000,262144
new,MemoryChunk,0x526e900000,16384
new,MemoryChunk,0x526e940000,16384
new,MemoryChunk,0x526e980000,16384
new,MemoryChunk,0x27525500000,262144
new,MemoryChunk,0x85f64c0000,262144
new,MemoryChunk,0x123e4d80000,262144
new,MemoryChunk,0x3f546540000,262144
new,MemoryChunk,0x118158c0000,262144
new,MemoryChunk,0xe6e3480000,262144
new,MemoryChunk,0xc3ce6c0000,262144
new,MemoryChunk,0x2103d280000,262144
scavenge,begin,0,78000,1608213840775
new,MemoryChunk,0x39159d40000,262144
scavenge,end,0,78000,1608213840775
new,MemoryChunk,0x225ce780000,266240
scavenge,begin,0,78000,1608213840805
new,MemoryChunk,0x24ee0a00000,262144
new,MemoryChunk,0x12e23ec0000,262144
scavenge,end,0,78000,1608213840805
scavenge,begin,0,93600,1608213840837
new,MemoryChunk,0x1fe65040000,262144
new,MemoryChunk,0xd15f880000,262144
scavenge,end,0,93600,1608213840838
scavenge,begin,0,109200,1608213840861
new,MemoryChunk,0x23a56940000,262144
new,MemoryChunk,0x148885c0000,262144
scavenge,end,0,109200,1608213840861
scavenge,begin,0,124800,1608213840886
new,MemoryChunk,0x23e4f840000,262144
scavenge,end,0,124800,1608213840886
new,MemoryChunk,0x177d68c0000,262144
new,MemoryChunk,0x216dd2c0000,262144
new,MemoryChunk,0x127abb00000,262144
new,MemoryChunk,0x22168900000,262144
new,MemoryChunk,0x8f4c580000,262144
new,MemoryChunk,0x13dd1c40000,262144
new,MemoryChunk,0x25ebd100000,262144
new,MemoryChunk,0x34f13a80000,262144
new,MemoryChunk,0x953b280000,262144
new,MemoryChunk,0x2a958500000,262144
new,MemoryChunk,0x1b3e80c0000,262144
new,MemoryChunk,0x2e0924c0000,262144
new,MemoryChunk,0x5ff9700000,262144
new,MemoryChunk,0x8068f00000,262144
new,MemoryChunk,0x53f3880000,262144
new,MemoryChunk,0x8de63c0000,262144
scavenge,begin,0,140400,1608213840908
new,MemoryChunk,0x3d9de280000,262144
scavenge,end,0,140400,1608213840908
scavenge,begin,0,187201,1608213840957
new,MemoryChunk,0xa2a65c0000,262144
new,MemoryChunk,0x30151100000,262144
scavenge,end,0,187201,1608213840957
new,MemoryChunk,0x39b07780000,262144
new,MemoryChunk,0x1ec58240000,266240
scavenge,begin,0,234001,1608213841002
new,MemoryChunk,0x219a3d80000,262144
new,MemoryChunk,0x6532e80000,262144
new,MemoryChunk,0xc701f80000,262144
new,MemoryChunk,0x2b75fac0000,262144
scavenge,end,0,234001,1608213841002
scavenge,begin,0,265201,1608213841062
new,MemoryChunk,0x272c4700000,262144
new,MemoryChunk,0x842c9c0000,262144
new,MemoryChunk,0x59468c0000,262144
new,MemoryChunk,0x34e2980000,262144
new,MemoryChunk,0x24f7ee80000,262144
scavenge,end,0,265201,1608213841063
scavenge,begin,0,327602,1608213841125
new,MemoryChunk,0x8eedc40000,262144
new,MemoryChunk,0x2f122080000,262144
scavenge,end,0,327602,1608213841126
new,MemoryChunk,0x3ef001c0000,262144
new,MemoryChunk,0x22550980000,262144
new,MemoryChunk,0x34a4c940000,262144
new,MemoryChunk,0x38e1cec0000,262144
new,MemoryChunk,0x1128cf00000,262144
new,MemoryChunk,0x246a980000,262144
new,MemoryChunk,0x825d440000,262144
new,MemoryChunk,0x3c8d6680000,262144
new,MemoryChunk,0xa562480000,262144
new,MemoryChunk,0x17cc0600000,262144
new,MemoryChunk,0x2549ea40000,262144
new,MemoryChunk,0x11962a40000,262144
new,MemoryChunk,0x39a8f40000,262144
new,MemoryChunk,0x298f9a40000,262144
new,MemoryChunk,0x21dbc440000,262144
new,MemoryChunk,0x554f700000,262144
new,MemoryChunk,0x368dc580000,262144
new,MemoryChunk,0x36135f40000,262144
new,MemoryChunk,0x16178540000,262144
new,MemoryChunk,0x1b5b5e00000,262144
new,MemoryChunk,0x19d4a400000,262144
new,MemoryChunk,0x1dc91bc0000,262144
new,MemoryChunk,0x3e1d0780000,262144
new,MemoryChunk,0x3b76c9c0000,262144
new,MemoryChunk,0x349449c0000,262144
new,MemoryChunk,0x2ee89fc0000,262144
new,MemoryChunk,0x1ef60580000,262144
new,MemoryChunk,0x3707f080000,262144
new,MemoryChunk,0x3e8049c0000,262144
new,MemoryChunk,0x3ee7f2c0000,262144
new,MemoryChunk,0xe667a80000,262144
new,MemoryChunk,0x1fddee40000,262144
scavenge,begin,0,374402,1608213841261
new,MemoryChunk,0xfd4c640000,262144
new,MemoryChunk,0x2e723540000,262144
new,MemoryChunk,0x28d0fb40000,262144
scavenge,end,0,390002,1608213841262
new,MemoryChunk,0x2435bb00000,262144
new,MemoryChunk,0x1e880a80000,262144
new,MemoryChunk,0x9611180000,262144
scavenge,begin,0,499203,1608213841485
new,MemoryChunk,0x1153e8c0000,262144
new,MemoryChunk,0x300f4700000,262144
new,MemoryChunk,0x3da7fec0000,262144
new,MemoryChunk,0x1b560b00000,262144
scavenge,end,0,499203,1608213841487
new,MemoryChunk,0x2d33da00000,262144
scavenge,begin,0,592803,1608213841685
new,MemoryChunk,0x2b7de9c0000,262144
new,MemoryChunk,0x256f040000,262144
new,MemoryChunk,0x2061440000,262144
new,MemoryChunk,0x1754a9c0000,262144
new,MemoryChunk,0x33f84440000,262144
new,MemoryChunk,0x263f9600000,262144
new,MemoryChunk,0x2816a200000,262144
scavenge,end,0,592803,1608213841687
markcompact,begin,0,592803,1608213841699
new,MemoryChunk,0x1b7d900000,262144
new,MemoryChunk,0x43c6100000,262144
new,MemoryChunk,0x18459f00000,262144
new,MemoryChunk,0x351d4400000,262144
new,MemoryChunk,0x30dc3840000,262144
new,MemoryChunk,0xe653980000,262144
new,MemoryChunk,0x26111ec0000,262144
delete,MemoryChunk,0x2bfb7d00000
delete,MemoryChunk,0x2816a200000
delete,MemoryChunk,0x263f9600000
markcompact,end,0,592803,1608213841701
scavenge,begin,0,702004,1608213842611
scavenge,end,0,702004,1608213842613
new,MemoryChunk,0x174b5e00000,262144
new,MemoryChunk,0xfb31e40000,262144
new,MemoryChunk,0x1f84d040000,262144
new,MemoryChunk,0x37ddc0000,262144
new,MemoryChunk,0x99ce440000,262144
new,MemoryChunk,0x1adbf580000,262144
new,MemoryChunk,0x1b3360c0000,262144
new,MemoryChunk,0x252c5440000,262144
new,MemoryChunk,0x347143c0000,262144
new,MemoryChunk,0x7e74880000,262144
new,MemoryChunk,0x34cb7b40000,262144
new,MemoryChunk,0x1d31c0000,262144
new,MemoryChunk,0x305a4a40000,262144
new,MemoryChunk,0x92bf940000,262144
new,MemoryChunk,0x2525b300000,262144
new,MemoryChunk,0x6070e00000,262144
new,MemoryChunk,0x15cdfc40000,262144
new,MemoryChunk,0x31672340000,262144
new,MemoryChunk,0x193e1080000,262144
new,MemoryChunk,0x1be62600000,262144
new,MemoryChunk,0xab33a00000,262144
new,MemoryChunk,0x1f0dabc0000,262144
new,MemoryChunk,0x385d66c0000,262144
new,MemoryChunk,0x20804580000,262144
new,MemoryChunk,0x96afc80000,262144
new,MemoryChunk,0x278ad00000,262144
new,MemoryChunk,0x8e88a40000,262144
new,MemoryChunk,0x3962880000,262144
new,MemoryChunk,0x1da59cc0000,262144
new,MemoryChunk,0x2070f400000,262144
new,MemoryChunk,0x2f940240000,262144
new,MemoryChunk,0x14fa0b40000,262144
new,MemoryChunk,0x1a64e3c0000,262144
new,MemoryChunk,0x2806d3c0000,262144
new,MemoryChunk,0xdeee00000,262144
new,MemoryChunk,0x23d18f80000,262144
new,MemoryChunk,0x38c84300000,262144
new,MemoryChunk,0x1fa99380000,262144
new,MemoryChunk,0x1cafe440000,262144
new,MemoryChunk,0x3b8e4800000,262144
new,MemoryChunk,0x3ad66700000,262144
new,MemoryChunk,0x9fc1540000,262144
new,MemoryChunk,0x2a52aa00000,262144
new,MemoryChunk,0x15ea87c0000,262144
new,MemoryChunk,0xda3e2c0000,262144
new,MemoryChunk,0x1b714200000,262144
new,MemoryChunk,0x749da80000,262144
new,MemoryChunk,0x3b7a6d40000,262144
new,MemoryChunk,0xd0f3ec0000,262144
new,MemoryChunk,0x1a843bc0000,262144
new,MemoryChunk,0x8f205c0000,262144
new,MemoryChunk,0x2a88c880000,262144
new,MemoryChunk,0x3570e700000,262144
new,MemoryChunk,0xd076200000,262144
new,MemoryChunk,0x32719d40000,262144
new,MemoryChunk,0xf0f7f80000,262144
new,MemoryChunk,0x3bda7bc0000,262144
new,MemoryChunk,0xd824b00000,262144
new,MemoryChunk,0x7761a40000,262144
new,MemoryChunk,0x3b11a940000,262144
new,MemoryChunk,0x2e8ac0c0000,262144
new,MemoryChunk,0x3010ad00000,262144
new,MemoryChunk,0x20924f00000,262144
new,MemoryChunk,0x2c52eb40000,262144
new,MemoryChunk,0x170b9240000,262144
scavenge,begin,0,764404,1608213842719
new,MemoryChunk,0x1ba62840000,262144
new,MemoryChunk,0x355ea5c0000,262144
new,MemoryChunk,0x1863a800000,262144
new,MemoryChunk,0xdd5e340000,262144
new,MemoryChunk,0x9623c40000,262144
new,MemoryChunk,0x1e342780000,262144
new,MemoryChunk,0x8cc2640000,262144
new,MemoryChunk,0x1ca9cac0000,262144
new,MemoryChunk,0x2b8b3280000,262144
new,MemoryChunk,0x31acbec0000,262144
new,MemoryChunk,0xfc54dc0000,262144
new,MemoryChunk,0x3e514fc0000,262144
new,MemoryChunk,0x1ce8a580000,262144
new,MemoryChunk,0x1469c2c0000,262144
scavenge,end,0,764404,1608213842722
new,MemoryChunk,0x2e4d8c80000,262144
new,MemoryChunk,0x1737a100000,262144
new,MemoryChunk,0xb446d00000,262144
new,MemoryChunk,0x1a95c000000,528384
scavenge,begin,0,998406,1608213844557
new,MemoryChunk,0xbeeedc0000,262144
new,MemoryChunk,0x354c0100000,262144
new,MemoryChunk,0x15442e80000,262144
new,MemoryChunk,0x23430f40000,262144
new,MemoryChunk,0xbe58e80000,262144
new,MemoryChunk,0x21e08740000,262144
new,MemoryChunk,0x1fcd0700000,262144
new,MemoryChunk,0x21962000000,262144
new,MemoryChunk,0x23163180000,262144
new,MemoryChunk,0x35a35800000,262144
scavenge,end,0,998406,1608213844561
scavenge,begin,1,45206,1608213844715
new,MemoryChunk,0x2d180840000,262144
new,MemoryChunk,0x6baa340000,262144
new,MemoryChunk,0x3508f7c0000,262144
new,MemoryChunk,0x75ae800000,262144
new,MemoryChunk,0x2d0fcc0000,262144
new,MemoryChunk,0x71beb40000,262144
new,MemoryChunk,0x35d35e80000,262144
new,MemoryChunk,0x1e17f2c0000,262144
new,MemoryChunk,0x3069ac00000,262144
new,MemoryChunk,0x3eeb7980000,262144
new,MemoryChunk,0x30af9080000,262144
new,MemoryChunk,0x8fdb880000,262144
new,MemoryChunk,0x3b1e0f00000,262144
new,MemoryChunk,0x14efe500000,262144
new,MemoryChunk,0x3b313e40000,262144
new,MemoryChunk,0x34fe6640000,262144
new,MemoryChunk,0x1564f140000,262144
new,MemoryChunk,0x243c2dc0000,262144
scavenge,end,1,45206,1608213844718
code-deopt,4031728,4928,0x526e8c61e0,-1,5813,soft,<path.js:172:13>,Insufficient type feedback for call
new,MemoryChunk,0x35c546c0000,163840
new,MemoryChunk,0x210d4b80000,163840
new,MemoryChunk,0x354ddec0000,262144
new,MemoryChunk,0x2440a200000,163840
new,MemoryChunk,0x2739f80000,163840
new,MemoryChunk,0x342eec0000,262144
new,MemoryChunk,0x6731480000,163840
new,MemoryChunk,0x41919c0000,262144
new,MemoryChunk,0xdccc340000,163840
code-deopt,4374956,5248,0x526e8eb8c0,4,2571,soft,<path.js:71:39> inlined at <path.js:257:20>,Insufficient type feedback for binary operation
new,MemoryChunk,0x13ff4180000,389120
new,MemoryChunk,0x36876540000,262144
scavenge,begin,1,232407,1608213845143
new,MemoryChunk,0x141d0400000,262144
new,MemoryChunk,0x2683e6c0000,262144
new,MemoryChunk,0x1b1dc240000,262144
scavenge,end,1,248008,1608213845147
new,MemoryChunk,0x2bbc02c0000,163840
new,MemoryChunk,0x1ab9bd40000,262144
new,MemoryChunk,0x1cf315c0000,2449408
new,MemoryChunk,0x22cafec0000,262144
new,MemoryChunk,0x2a9d1ec0000,262144
scavenge,begin,1,326008,1608213845288
new,MemoryChunk,0x15710280000,262144
new,MemoryChunk,0x22e880c0000,262144
new,MemoryChunk,0x827d440000,262144
new,MemoryChunk,0x33085300000,262144
new,MemoryChunk,0xd074740000,262144
new,MemoryChunk,0x22b03480000,262144
new,MemoryChunk,0x111bbec0000,262144
new,MemoryChunk,0x3f3dd980000,262144
new,MemoryChunk,0x33fd02c0000,262144
new,MemoryChunk,0x3d474f40000,262144
new,MemoryChunk,0xfaa6140000,262144
new,MemoryChunk,0x359adac0000,262144
new,MemoryChunk,0x16634f40000,262144
new,MemoryChunk,0x104d9600000,262144
new,MemoryChunk,0x11a02fc0000,262144
new,MemoryChunk,0x49fc5c0000,262144
new,MemoryChunk,0x3688ea00000,262144
new,MemoryChunk,0x10f82bc0000,262144
new,MemoryChunk,0x225d5040000,262144
new,MemoryChunk,0x3677f200000,262144
new,MemoryChunk,0xe6fbc00000,262144
new,MemoryChunk,0x379c1500000,262144
new,MemoryChunk,0x46fbb80000,262144
new,MemoryChunk,0x360a2200000,262144
new,MemoryChunk,0x3d49eb40000,262144
new,MemoryChunk,0x2cc90fc0000,262144
delete,MemoryChunk,0x1cf315c0000
scavenge,end,1,326008,1608213845294
new,MemoryChunk,0x3815c480000,163840
new,MemoryChunk,0x2348f940000,163840
new,MemoryChunk,0x35c99d80000,262144
new,MemoryChunk,0x2a38f3c0000,163840
scavenge,begin,1,466409,1608213845500
new,MemoryChunk,0x2a0414c0000,262144
new,MemoryChunk,0x3337a9c0000,262144
new,MemoryChunk,0x10ee38c0000,262144
new,MemoryChunk,0x2382e100000,262144
new,MemoryChunk,0x1ff3ac80000,262144
new,MemoryChunk,0x13989040000,262144
new,MemoryChunk,0x389f0200000,262144
new,MemoryChunk,0x24dcc900000,262144
new,MemoryChunk,0x10f73240000,262144
new,MemoryChunk,0xd547f40000,262144
new,MemoryChunk,0x2ceacf80000,262144
new,MemoryChunk,0xa19ec0000,262144
new,MemoryChunk,0x1369a080000,262144
new,MemoryChunk,0x9819b80000,262144
new,MemoryChunk,0x1e9cf000000,262144
new,MemoryChunk,0x2178c540000,262144
new,MemoryChunk,0xb5c81c0000,262144
new,MemoryChunk,0x72cfc0000,262144
new,MemoryChunk,0x128c0200000,262144
new,MemoryChunk,0x8306d00000,262144
scavenge,end,1,466409,1608213845504
new,MemoryChunk,0xfc2f480000,163840
new,MemoryChunk,0x2a160740000,163840
new,MemoryChunk,0x1066a0c0000,200704
new,MemoryChunk,0x1430cb40000,163840
new,MemoryChunk,0x36a24780000,163840
new,MemoryChunk,0x2bf214c0000,262144
new,MemoryChunk,0x262c36c0000,163840
new,MemoryChunk,0x3897d140000,262144
new,MemoryChunk,0x21483300000,163840
scavenge,begin,1,684810,1608213846591
new,MemoryChunk,0x6e1cf80000,262144
new,MemoryChunk,0x19b8e4c0000,262144
new,MemoryChunk,0x12e47880000,262144
new,MemoryChunk,0x11307840000,262144
new,MemoryChunk,0x9f41c40000,262144
new,MemoryChunk,0x32966480000,262144
new,MemoryChunk,0x7c0ad00000,262144
new,MemoryChunk,0x42381c0000,262144
new,MemoryChunk,0x8311080000,262144
new,MemoryChunk,0x23d07740000,262144
new,MemoryChunk,0x3116ae00000,262144
new,MemoryChunk,0x2a8df440000,262144
new,MemoryChunk,0x36404600000,262144
new,MemoryChunk,0x12169680000,262144
scavenge,end,1,684810,1608213846594
new,MemoryChunk,0x38d83200000,163840
new,MemoryChunk,0x261426c0000,163840
new,MemoryChunk,0x1babc680000,163840
new,MemoryChunk,0x20ab9e80000,262144
new,MemoryChunk,0x360b8680000,163840
new,MemoryChunk,0xcbbc880000,163840
new,MemoryChunk,0x13bd19c0000,262144
new,MemoryChunk,0xf1c7c00000,163840
scavenge,begin,1,825211,1608213848363
new,MemoryChunk,0x170a4940000,262144
new,MemoryChunk,0x3abad40000,262144
new,MemoryChunk,0x2932a140000,262144
new,MemoryChunk,0x37041f40000,262144
new,MemoryChunk,0x2164d300000,262144
new,MemoryChunk,0x4e7be40000,262144
new,MemoryChunk,0xf3d9cc0000,262144
new,MemoryChunk,0xb9daec0000,262144
new,MemoryChunk,0x182e9dc0000,262144
new,MemoryChunk,0x1a2e5e00000,262144
new,MemoryChunk,0x2da32200000,262144
new,MemoryChunk,0x10bb7700000,262144
new,MemoryChunk,0x7918040000,262144
new,MemoryChunk,0x3969d180000,262144
new,MemoryChunk,0xf5bb180000,262144
new,MemoryChunk,0x2028ec00000,262144
new,MemoryChunk,0xe1fe440000,262144
new,MemoryChunk,0x2fb15240000,262144
new,MemoryChunk,0x1f29c380000,262144
new,MemoryChunk,0x6fe4f00000,262144
new,MemoryChunk,0x3c993500000,262144
new,MemoryChunk,0x187053c0000,262144
new,MemoryChunk,0x2650980000,262144
scavenge,end,1,825211,1608213848368
new,MemoryChunk,0x143d3640000,163840
new,MemoryChunk,0x3113c5c0000,163840
code-deopt,7790578,5632,0x526e8ef560,-1,4730,soft,<path.js:145:40>,Insufficient type feedback for compare operation
code-deopt,7791417,2624,0x526e8c9080,-1,21414,soft,<path.js:660:19>,Insufficient type feedback for compare operation
markcompact,begin,1,887612,1608213848544
new,MemoryChunk,0x15556500000,262144
delete,MemoryChunk,0x170b9240000
new,MemoryChunk,0x3bc44140000,262144
new,MemoryChunk,0xc24a980000,262144
new,MemoryChunk,0x16c56940000,262144
new,MemoryChunk,0x15199780000,262144
new,MemoryChunk,0x2d92e880000,262144
new,MemoryChunk,0x17d7e500000,262144
new,MemoryChunk,0xb50aec0000,262144
new,MemoryChunk,0x307821c0000,262144
new,MemoryChunk,0x17d57dc0000,262144
new,MemoryChunk,0x252f7a40000,262144
new,MemoryChunk,0xab6b5c0000,262144
new,MemoryChunk,0x31293540000,262144
new,MemoryChunk,0xd924e80000,262144
new,MemoryChunk,0x183d0500000,262144
new,MemoryChunk,0x1f7863c0000,262144
new,MemoryChunk,0x34610880000,262144
new,MemoryChunk,0x2cfadc40000,262144
new,MemoryChunk,0x3d927cc0000,262144
delete,MemoryChunk,0x1ec58240000
markcompact,end,1,903212,1608213848558
new,MemoryChunk,0x3b436b80000,163840
new,MemoryChunk,0x3927a5c0000,163840
new,MemoryChunk,0x34063000000,872448
new,MemoryChunk,0x3982c940000,1363968
new,MemoryChunk,0x290a98c0000,1363968
new,MemoryChunk,0x160a5380000,139264
new,MemoryChunk,0x2b2fe440000,200704
new,MemoryChunk,0x222676c0000,200704
new,MemoryChunk,0x282cd5c0000,569344
new,MemoryChunk,0x31366f40000,135168
new,MemoryChunk,0x12aa3180000,569344
new,MemoryChunk,0x30ab23c0000,262144
new,MemoryChunk,0x86fe3c0000,262144
new,MemoryChunk,0x526e9c0000,262144
new,MemoryChunk,0xa36ef40000,233472
scavenge,begin,2,184014,1608213849756
new,MemoryChunk,0x96f9840000,262144
new,MemoryChunk,0x335967c0000,262144
new,MemoryChunk,0x39a61200000,262144
new,MemoryChunk,0x38f51e80000,262144
new,MemoryChunk,0xbe9d480000,262144
new,MemoryChunk,0x1fed8600000,262144
new,MemoryChunk,0x104ce440000,262144
new,MemoryChunk,0x38a42b40000,262144
new,MemoryChunk,0x2aebfec0000,262144
new,MemoryChunk,0x2f09aa40000,262144
delete,MemoryChunk,0x34063000000
delete,MemoryChunk,0x3982c940000
scavenge,end,2,184014,1608213849760
new,MemoryChunk,0x351a0d80000,262144
new,MemoryChunk,0x2cd47d80000,262144
new,MemoryChunk,0x222988c0000,196608
new,MemoryChunk,0x28aeb680000,196608
new,MemoryChunk,0x526ea00000,286720
new,MemoryChunk,0x526ea80000,286720
new,MemoryChunk,0x33076c0000,262144
new,MemoryChunk,0x855400000,155648
new,MemoryChunk,0x2cebdb40000,286720
new,MemoryChunk,0x25ba0480000,262144
new,MemoryChunk,0x2efb3e00000,262144
new,MemoryChunk,0x3e73b440000,544768
new,MemoryChunk,0x27cedc0000,139264
new,MemoryChunk,0x1d9675c0000,262144
new,MemoryChunk,0x3a708340000,1052672
new,MemoryChunk,0xbda5e00000,262144
new,MemoryChunk,0x4903c0000,262144
new,MemoryChunk,0x7d45c0000,180224
scavenge,begin,2,386815,1608213850092
new,MemoryChunk,0x162de580000,262144
new,MemoryChunk,0x3a4a4740000,262144
new,MemoryChunk,0x15f30540000,262144
new,MemoryChunk,0x2af9d740000,262144
new,MemoryChunk,0x1f170200000,262144
new,MemoryChunk,0x1b022380000,262144
new,MemoryChunk,0x920da00000,262144
new,MemoryChunk,0x8f1c980000,262144
new,MemoryChunk,0x2328b000000,262144
new,MemoryChunk,0x2a8e3200000,262144
new,MemoryChunk,0x9e827c0000,262144
new,MemoryChunk,0x10969000000,262144
new,MemoryChunk,0x330df040000,262144
new,MemoryChunk,0x3210d940000,262144
new,MemoryChunk,0x2e396b00000,262144
delete,MemoryChunk,0x222988c0000
delete,MemoryChunk,0x28aeb680000
delete,MemoryChunk,0x7d45c0000
scavenge,end,2,386815,1608213850097
new,MemoryChunk,0x20f3d540000,212992
new,MemoryChunk,0x518dc0000,262144
new,MemoryChunk,0x316bcd00000,262144
new,MemoryChunk,0x41bac00000,262144
code-deopt,9682663,352,0x526e8ddd20,-1,2116,soft,<internal/util/debuglog.js:67:15>,Insufficient type feedback for call
markcompact,begin,2,511616,1608213850437
new,MemoryChunk,0x3901e100000,262144
new,MemoryChunk,0xc1bf700000,262144
new,MemoryChunk,0x363ed000000,262144
new,MemoryChunk,0x2e5b5780000,262144
new,MemoryChunk,0x2e296e00000,262144
new,MemoryChunk,0x253db1c0000,262144
new,MemoryChunk,0x11f9d440000,262144
new,MemoryChunk,0x3f341f40000,262144
new,MemoryChunk,0x15964a40000,262144
new,MemoryChunk,0x38295f80000,262144
new,MemoryChunk,0x156cca80000,262144
new,MemoryChunk,0x8747380000,262144
delete,MemoryChunk,0x1a95c000000
markcompact,end,2,511616,1608213850458
new,MemoryChunk,0x1f5abbc0000,208896
new,MemoryChunk,0x30aef440000,159744
new,MemoryChunk,0x2ffc3c0000,262144
new,MemoryChunk,0x24894400000,262144
new,MemoryChunk,0x18811bc0000,262144
new,MemoryChunk,0x225cfb80000,262144
code-deopt,10841301,2240,0x526e8d6300,-1,21574,soft,<path.js:670:7>,Insufficient type feedback for call
new,MemoryChunk,0x128889c0000,262144
new,MemoryChunk,0x1b20cb00000,237568
new,MemoryChunk,0x26b50300000,262144
code-deopt,10993714,9984,0x526e8f6200,1,689,lazy,<internal/modules/cjs/helpers.js:24:9> inlined at <internal/modules/cjs/loader.js:846:15>,(unknown)
code-deopt,10993769,1024,0x526e8f31c0,-1,33050,lazy,<internal/modules/cjs/loader.js:1022:19>,(unknown)
code-deopt,10995655,4544,0x526e8f45c0,1,2832,eager,<internal/modules/cjs/helpers.js:93:31> inlined at <internal/modules/cjs/loader.js:1108:19>,wrong map
code-deopt,11006131,4544,0x526e8f45c0,-1,36086,lazy,<internal/modules/cjs/loader.js:1118:30>,(unknown)
code-deopt,11006183,9984,0x526e8f6200,2,31657,lazy,<internal/modules/cjs/loader.js:982:21> inlined at <internal/modules/cjs/loader.js:875:14>,(unknown)
code-deopt,11006232,1024,0x526e8f31c0,-1,33050,lazy,<internal/modules/cjs/loader.js:1022:19>,(unknown)
code-deopt,11009039,4544,0x526e8f45c0,-1,36086,lazy,<internal/modules/cjs/loader.js:1118:30>,(unknown)
code-deopt,11009079,9984,0x526e8f6200,2,31657,lazy,<internal/modules/cjs/loader.js:982:21> inlined at <internal/modules/cjs/loader.js:875:14>,(unknown)
code-deopt,11009126,1024,0x526e8f31c0,-1,33050,lazy,<internal/modules/cjs/loader.js:1022:19>,(unknown)
scavenge,begin,2,776817,1608213851747
new,MemoryChunk,0x218b4b80000,262144
new,MemoryChunk,0x234f3a40000,262144
new,MemoryChunk,0x181a0700000,262144
new,MemoryChunk,0x23d06880000,262144
new,MemoryChunk,0xc079ac0000,262144
new,MemoryChunk,0x1f2d4b80000,262144
new,MemoryChunk,0xd434780000,262144
scavenge,end,2,776817,1608213851753
code-deopt,11060956,4544,0x526e8f45c0,-1,36086,lazy,<internal/modules/cjs/loader.js:1118:30>,(unknown)
code-deopt,11061006,9984,0x526e8f6200,2,31657,lazy,<internal/modules/cjs/loader.js:982:21> inlined at <internal/modules/cjs/loader.js:875:14>,(unknown)
code-deopt,11061051,1024,0x526e8f31c0,-1,33050,lazy,<internal/modules/cjs/loader.js:1022:19>,(unknown)
new,MemoryChunk,0x2b75c880000,143360
new,MemoryChunk,0x6217d40000,389120
new,MemoryChunk,0x2178ccc0000,262144
new,MemoryChunk,0x3595980000,147456
code-deopt,11188648,4544,0x526e8f45c0,-1,36086,lazy,<internal/modules/cjs/loader.js:1118:30>,(unknown)
code-deopt,11188697,9984,0x526e8f6200,2,31657,lazy,<internal/modules/cjs/loader.js:982:21> inlined at <internal/modules/cjs/loader.js:875:14>,(unknown)
code-deopt,11188744,1024,0x526e8f31c0,-1,33050,lazy,<internal/modules/cjs/loader.js:1022:19>,(unknown)
new,MemoryChunk,0x526eb00000,262144
new,MemoryChunk,0x1ec68d40000,262144
new,MemoryChunk,0x10db0640000,262144
new,MemoryChunk,0xb85f900000,569344
new,MemoryChunk,0xe835540000,262144
scavenge,begin,2,870418,1608213852029
new,MemoryChunk,0x197c0440000,262144
new,MemoryChunk,0x3d8dc0000,262144
new,MemoryChunk,0x25aaa480000,262144
new,MemoryChunk,0x1b18cac0000,262144
new,MemoryChunk,0x753cb00000,262144
new,MemoryChunk,0x1124cb40000,262144
new,MemoryChunk,0x17caa5c0000,262144
new,MemoryChunk,0x283aaf40000,262144
new,MemoryChunk,0x3ac27dc0000,262144
new,MemoryChunk,0x30e798c0000,262144
new,MemoryChunk,0x2dabecc0000,262144
new,MemoryChunk,0x205f6b40000,262144
new,MemoryChunk,0x33c403c0000,262144
new,MemoryChunk,0x2bbf5fc0000,262144
new,MemoryChunk,0x1aec8840000,262144
new,MemoryChunk,0x1fb83dc0000,262144
new,MemoryChunk,0x36ff9800000,262144
new,MemoryChunk,0x2588bfc0000,262144
delete,MemoryChunk,0x3595980000
scavenge,end,2,870418,1608213852035
new,MemoryChunk,0x146a59c0000,262144
new,MemoryChunk,0x1b77da00000,258048
new,MemoryChunk,0x3686f500000,262144
markcompact,begin,2,979619,1608213852268
delete,MemoryChunk,0x15964a40000
delete,MemoryChunk,0x38295f80000
delete,MemoryChunk,0x156cca80000
delete,MemoryChunk,0x8747380000
new,MemoryChunk,0x27ea6c40000,262144
new,MemoryChunk,0x71b0000000,262144
new,MemoryChunk,0x950c640000,262144
new,MemoryChunk,0xd52c800000,262144
new,MemoryChunk,0x2780bd00000,262144
new,MemoryChunk,0x15feddc0000,262144
new,MemoryChunk,0xb4fc440000,262144
new,MemoryChunk,0x8b450c0000,262144
new,MemoryChunk,0x2227d5c0000,262144
delete,MemoryChunk,0x1b77da00000
markcompact,end,2,979619,1608213852275
new,MemoryChunk,0xd0759c0000,815104
new,MemoryChunk,0x1aafe380000,262144
code-deopt,11693232,6080,0x526e8fc7a0,4,3129,soft,<path.js:85:33> inlined at <path.js:257:20>,Insufficient type feedback for compare operation
new,MemoryChunk,0x3fbfe240000,262144
new,MemoryChunk,0x1fb520c0000,262144
new,MemoryChunk,0x3eba2d40000,262144
scavenge,begin,3,182420,1608213852514
new,MemoryChunk,0x3cdd5900000,262144
new,MemoryChunk,0x3876c400000,262144
new,MemoryChunk,0x313108c0000,262144
new,MemoryChunk,0x1f4ba5c0000,262144
new,MemoryChunk,0xd7331c0000,262144
new,MemoryChunk,0x29793e40000,262144
new,MemoryChunk,0x2db68940000,262144
new,MemoryChunk,0x1a48c0000,262144
new,MemoryChunk,0x1cea3a80000,262144
new,MemoryChunk,0x25d709c0000,262144
new,MemoryChunk,0x38fbb800000,262144
scavenge,end,3,182420,1608213852519
new,MemoryChunk,0x2b1b7480000,233472
new,MemoryChunk,0x2e2d7ac0000,262144
new,MemoryChunk,0xf2fd840000,262144
new,MemoryChunk,0x3ad91680000,724992
new,MemoryChunk,0x2479a40000,262144
new,MemoryChunk,0x20c24700000,262144
new,MemoryChunk,0x1fa36140000,262144
new,MemoryChunk,0x10d7e180000,262144
new,MemoryChunk,0x24251500000,262144
scavenge,begin,3,463222,1608213853703
new,MemoryChunk,0x23c71380000,262144
new,MemoryChunk,0x708eb80000,262144
new,MemoryChunk,0x161c3e80000,262144
new,MemoryChunk,0xcb1aa40000,262144
new,MemoryChunk,0x90bb580000,262144
new,MemoryChunk,0x24071f40000,262144
new,MemoryChunk,0x148728c0000,262144
new,MemoryChunk,0x1ee34700000,262144
new,MemoryChunk,0x20c8c4c0000,262144
scavenge,end,3,463222,1608213853709
code-deopt,13016999,1312,0x526eb35860,-1,1678,eager,<D:\\Git\\Gulp-\\node_modules\\autoprefixer\\lib\\browsers.js:72:30>,wrong map
scavenge,begin,3,541222,1608213853811
new,MemoryChunk,0xad53600000,262144
new,MemoryChunk,0x3bbe3d00000,262144
new,MemoryChunk,0x6cce800000,262144
new,MemoryChunk,0xd6527c0000,262144
new,MemoryChunk,0x1c40a00000,262144
new,MemoryChunk,0x3a250580000,262144
new,MemoryChunk,0x33fa38c0000,262144
new,MemoryChunk,0x198ebfc0000,262144
new,MemoryChunk,0x3c5a7180000,262144
new,MemoryChunk,0x1cb2240000,262144
new,MemoryChunk,0x4a9fc40000,262144
scavenge,end,3,541222,1608213853818
new,MemoryChunk,0x39bfd2c0000,262144
new,MemoryChunk,0x32ce7bc0000,262144
new,MemoryChunk,0x20441400000,266240
new,MemoryChunk,0x2c3b4e00000,262144
new,MemoryChunk,0x22094200000,397312
new,MemoryChunk,0x1e5dfb00000,262144
new,MemoryChunk,0x526eb40000,262144
new,MemoryChunk,0x25b60680000,262144
new,MemoryChunk,0x39c6f380000,262144
new,MemoryChunk,0x6059c0000,262144
scavenge,begin,3,837624,1608213854375
new,MemoryChunk,0x1dd3a680000,262144
new,MemoryChunk,0xb4988c0000,262144
new,MemoryChunk,0x30833740000,262144
new,MemoryChunk,0xccd6bc0000,262144
new,MemoryChunk,0x10529b00000,262144
delete,MemoryChunk,0x20441400000
scavenge,end,3,837624,1608213854379
code-deopt,15513238,4416,0x526eb70740,-1,4654,eager,<D:\\Git\\Gulp-\\node_modules\\cssnano\\node_modules\\postcss\\lib\\container.js:117:18>,wrong map
code-deopt,15513350,4416,0x526eb70740,-1,4559,lazy,<D:\\Git\\Gulp-\\node_modules\\cssnano\\node_modules\\postcss\\lib\\container.js:114:22>,(unknown)
scavenge,begin,3,915625,1608213856219
new,MemoryChunk,0x9fa5840000,262144
new,MemoryChunk,0x3a49e440000,262144
new,MemoryChunk,0x1b976340000,262144
new,MemoryChunk,0x2899a440000,262144
new,MemoryChunk,0x1c35ae00000,262144
new,MemoryChunk,0x10cabec0000,262144
new,MemoryChunk,0x2d1bd980000,262144
new,MemoryChunk,0x28dd88c0000,262144
new,MemoryChunk,0x2ca95100000,262144
new,MemoryChunk,0x183ba6c0000,262144
new,MemoryChunk,0x15e5fe00000,262144
new,MemoryChunk,0x36ed6640000,262144
new,MemoryChunk,0x22d99980000,262144
new,MemoryChunk,0x3a761ac0000,262144
new,MemoryChunk,0x316fee80000,262144
new,MemoryChunk,0x30c58180000,262144
scavenge,end,3,931225,1608213856226
code-deopt,15633499,2080,0x526e8c4780,-1,3129,soft,<path.js:85:33>,Insufficient type feedback for compare operation
new,MemoryChunk,0x526eb80000,262144
code-deopt,15696010,800,0x526eb87960,-1,1901,soft,<D:\\Git\\Gulp-\\node_modules\\postcss-discard-duplicates\\dist\\index.js:82:18>,Insufficient type feedback for generic named access
code-deopt,15733309,20736,0x526eb8dac0,-1,5492,lazy,<D:\\Git\\Gulp-\\node_modules\\cssnano\\node_modules\\postcss\\lib\\container.js:148:26>,(unknown)
code-deopt,15733402,5024,0x526eb7c1e0,-1,4559,lazy,<D:\\Git\\Gulp-\\node_modules\\cssnano\\node_modules\\postcss\\lib\\container.js:114:22>,(unknown)
markcompact,begin,4,149626,1608213856555
new,MemoryChunk,0x2abc5dc0000,262144
new,MemoryChunk,0x16e13f00000,262144
new,MemoryChunk,0x39ca7f00000,262144
new,MemoryChunk,0x359d24c0000,262144
delete,MemoryChunk,0x1066a0c0000
markcompact,end,4,165226,1608213856566
code-deopt,16168241,5984,0x526eb8d200,-1,1413,eager,<D:\\Git\\Gulp-\\node_modules\\fast-json-stable-stringify\\index.js:45:30>,not a Smi
new,MemoryChunk,0x22b6b1c0000,413696
scavenge,begin,4,414828,1608213857097
new,MemoryChunk,0x20f79900000,262144
new,MemoryChunk,0x3f211640000,262144
new,MemoryChunk,0x3d176040000,262144
scavenge,end,4,414828,1608213857102
new,MemoryChunk,0x195e9000000,262144
scavenge,begin,4,461628,1608213857210
new,MemoryChunk,0xbd74600000,262144
new,MemoryChunk,0x19334780000,262144
new,MemoryChunk,0x1f8d9b00000,262144
new,MemoryChunk,0x2e220fc0000,262144
new,MemoryChunk,0x10967c00000,262144
new,MemoryChunk,0x5add740000,262144
new,MemoryChunk,0x2c7847c0000,262144
new,MemoryChunk,0x2f710480000,262144
new,MemoryChunk,0x346aa000000,262144
new,MemoryChunk,0x33f8ecc0000,262144
new,MemoryChunk,0x3ef5c700000,262144
new,MemoryChunk,0xc950c80000,262144
new,MemoryChunk,0x39ad0900000,262144
scavenge,end,4,461628,1608213857215
new,MemoryChunk,0x3f97c3c0000,262144
new,MemoryChunk,0x36120880000,262144
scavenge,begin,4,586429,1608213857552
new,MemoryChunk,0xf9a8b00000,262144
new,MemoryChunk,0x2ee99300000,262144
new,MemoryChunk,0x22286c80000,262144
new,MemoryChunk,0x24073480000,262144
new,MemoryChunk,0xffb46c0000,262144
new,MemoryChunk,0x13d12240000,262144
new,MemoryChunk,0x781b200000,262144
new,MemoryChunk,0x31372c0000,262144
new,MemoryChunk,0x31192380000,262144
new,MemoryChunk,0x2f4e2500000,262144
new,MemoryChunk,0x2e0f3d00000,262144
new,MemoryChunk,0x388ee600000,262144
new,MemoryChunk,0x83b1d00000,262144
new,MemoryChunk,0x1e828100000,262144
new,MemoryChunk,0x23550e80000,262144
new,MemoryChunk,0x33c5fd40000,262144
new,MemoryChunk,0x2c334b00000,262144
new,MemoryChunk,0xd963680000,262144
new,MemoryChunk,0x1bdf4380000,262144
new,MemoryChunk,0xee87880000,262144
new,MemoryChunk,0x21169240000,262144
new,MemoryChunk,0x1c81c9c0000,262144
new,MemoryChunk,0xd0ad580000,262144
new,MemoryChunk,0x3d9bca40000,262144
new,MemoryChunk,0xbf2d840000,262144
new,MemoryChunk,0x30cba480000,262144
new,MemoryChunk,0x3ee56f40000,262144
new,MemoryChunk,0x39c188c0000,262144
new,MemoryChunk,0x2fc7b80000,262144
new,MemoryChunk,0x64b8480000,262144
new,MemoryChunk,0x3ab62200000,262144
new,MemoryChunk,0x1a4eb00000,262144
new,MemoryChunk,0x2c8efac0000,262144
scavenge,end,4,586429,1608213857557
new,MemoryChunk,0x31620a00000,225280
new,MemoryChunk,0x31691040000,2101248
new,MemoryChunk,0xa783b40000,262144
new,MemoryChunk,0x1c57ebc0000,262144
markcompact,begin,4,804830,1608213858168
delete,MemoryChunk,0x31372c0000
delete,MemoryChunk,0x2e0f3d00000
delete,MemoryChunk,0x388ee600000
delete,MemoryChunk,0x1e828100000
delete,MemoryChunk,0xbf2d840000
delete,MemoryChunk,0x3a708340000
delete,MemoryChunk,0x31620a00000
markcompact,end,4,820430,1608213858199
markcompact,begin,4,867231,1608213874772
new,MemoryChunk,0x3cfe2e00000,262144
new,MemoryChunk,0x29212380000,262144
new,MemoryChunk,0x3b864d00000,262144
new,MemoryChunk,0x35fcaf00000,262144
new,MemoryChunk,0x18f01580000,262144
new,MemoryChunk,0x241868c0000,262144
new,MemoryChunk,0xda023c0000,262144
new,MemoryChunk,0x104ebe00000,262144
new,MemoryChunk,0x9f9ce80000,262144
new,MemoryChunk,0x10ea7600000,262144
new,MemoryChunk,0x30a49b00000,262144
new,MemoryChunk,0x263227c0000,262144
new,MemoryChunk,0x2f62b00000,262144
new,MemoryChunk,0x1f0f7540000,262144
new,MemoryChunk,0x15dd8ac0000,262144
new,MemoryChunk,0x2f76e040000,262144
new,MemoryChunk,0x3a051300000,262144
new,MemoryChunk,0x2b97b380000,262144
new,MemoryChunk,0x2149a5c0000,262144
delete,MemoryChunk,0x2fc7b80000
delete,MemoryChunk,0x21169240000
delete,MemoryChunk,0x83b1d00000
delete,MemoryChunk,0x3ab62200000
delete,MemoryChunk,0xee87880000
delete,MemoryChunk,0x1c81c9c0000
delete,MemoryChunk,0x23550e80000
delete,MemoryChunk,0x2f4e2500000
delete,MemoryChunk,0x1bdf4380000
delete,MemoryChunk,0xd0ad580000
delete,MemoryChunk,0x2c334b00000
delete,MemoryChunk,0x33c5fd40000
delete,MemoryChunk,0x30cba480000
delete,MemoryChunk,0x39c188c0000
delete,MemoryChunk,0x64b8480000
delete,MemoryChunk,0xd963680000
delete,MemoryChunk,0x3d9bca40000
delete,MemoryChunk,0x1a4eb00000
delete,MemoryChunk,0x3ee56f40000
delete,MemoryChunk,0x2ee99300000
delete,MemoryChunk,0x3ef5c700000
delete,MemoryChunk,0x781b200000
delete,MemoryChunk,0x25ba0480000
delete,MemoryChunk,0x128c0200000
delete,MemoryChunk,0x2bf214c0000
delete,MemoryChunk,0x1ab9bd40000
delete,MemoryChunk,0x13bd19c0000
delete,MemoryChunk,0x354ddec0000
delete,MemoryChunk,0x20ab9e80000
delete,MemoryChunk,0x342eec0000
delete,MemoryChunk,0x8306d00000
delete,MemoryChunk,0x35c99d80000
delete,MemoryChunk,0xc950c80000
delete,MemoryChunk,0x1fb83dc0000
delete,MemoryChunk,0x2c8efac0000
delete,MemoryChunk,0x12169680000
delete,MemoryChunk,0x355ea5c0000
delete,MemoryChunk,0x3f211640000
delete,MemoryChunk,0x518dc0000
delete,MemoryChunk,0x2e2d7ac0000
delete,MemoryChunk,0x33fa38c0000
delete,MemoryChunk,0x36ff9800000
delete,MemoryChunk,0x24f7ee80000
delete,MemoryChunk,0x86fe3c0000
delete,MemoryChunk,0x174b5e00000
delete,MemoryChunk,0x1469c2c0000
delete,MemoryChunk,0x20c24700000
delete,MemoryChunk,0x1d9675c0000
delete,MemoryChunk,0x2efb3e00000
delete,MemoryChunk,0x30ab23c0000
delete,MemoryChunk,0x41bac00000
delete,MemoryChunk,0xcb1aa40000
delete,MemoryChunk,0x41919c0000
delete,MemoryChunk,0x9e827c0000
delete,MemoryChunk,0x1ba62840000
delete,MemoryChunk,0xb446d00000
delete,MemoryChunk,0x9611180000
delete,MemoryChunk,0x18459f00000
delete,MemoryChunk,0x39c6f380000
delete,MemoryChunk,0x316fee80000
delete,MemoryChunk,0x1f689e80000
delete,MemoryChunk,0x3eba2d40000
delete,MemoryChunk,0x36876540000
delete,MemoryChunk,0x2650980000
delete,MemoryChunk,0x243c2dc0000
markcompact,end,4,882831,1608213874803
delete,MemoryChunk,0x31372c0000
delete,MemoryChunk,0x2e0f3d00000
delete,MemoryChunk,0x388ee600000
delete,MemoryChunk,0x1e828100000
delete,MemoryChunk,0xbf2d840000
delete,MemoryChunk,0x359d24c0000
delete,MemoryChunk,0x39ca7f00000
delete,MemoryChunk,0x16e13f00000
delete,MemoryChunk,0x2abc5dc0000
delete,MemoryChunk,0x2227d5c0000
delete,MemoryChunk,0x8b450c0000
delete,MemoryChunk,0xb4fc440000
delete,MemoryChunk,0x15feddc0000
delete,MemoryChunk,0x2780bd00000
delete,MemoryChunk,0xd52c800000
delete,MemoryChunk,0x950c640000
delete,MemoryChunk,0x71b0000000
delete,MemoryChunk,0x27ea6c40000
delete,MemoryChunk,0x15964a40000
delete,MemoryChunk,0x38295f80000
delete,MemoryChunk,0x156cca80000
delete,MemoryChunk,0x8747380000
delete,MemoryChunk,0x3d927cc0000
delete,MemoryChunk,0x2cfadc40000
delete,MemoryChunk,0x34610880000
delete,MemoryChunk,0x1f7863c0000
delete,MemoryChunk,0x183d0500000
delete,MemoryChunk,0xd924e80000
delete,MemoryChunk,0x31293540000
delete,MemoryChunk,0xab6b5c0000
delete,MemoryChunk,0x252f7a40000
delete,MemoryChunk,0x17d57dc0000
delete,MemoryChunk,0x307821c0000
delete,MemoryChunk,0xb50aec0000
delete,MemoryChunk,0x17d7e500000
delete,MemoryChunk,0x2d92e880000
delete,MemoryChunk,0x15199780000
delete,MemoryChunk,0x16c56940000
delete,MemoryChunk,0xc24a980000
delete,MemoryChunk,0x3bc44140000
delete,MemoryChunk,0x170b9240000
delete,MemoryChunk,0x1a64e3c0000
delete,MemoryChunk,0x14fa0b40000
delete,MemoryChunk,0x2f940240000
delete,MemoryChunk,0x2070f400000
delete,MemoryChunk,0x1da59cc0000
delete,MemoryChunk,0x96afc80000
delete,MemoryChunk,0x20804580000
delete,MemoryChunk,0x385d66c0000
delete,MemoryChunk,0x1f0dabc0000
delete,MemoryChunk,0xab33a00000
delete,MemoryChunk,0x1be62600000
delete,MemoryChunk,0x193e1080000
delete,MemoryChunk,0x31672340000
delete,MemoryChunk,0x15cdfc40000
delete,MemoryChunk,0x6070e00000
delete,MemoryChunk,0x2525b300000
delete,MemoryChunk,0x305a4a40000
delete,MemoryChunk,0x1d31c0000
delete,MemoryChunk,0x34cb7b40000
delete,MemoryChunk,0x3f341f40000
delete,MemoryChunk,0x11f9d440000
delete,MemoryChunk,0x253db1c0000
delete,MemoryChunk,0x2e296e00000
delete,MemoryChunk,0x2e5b5780000
delete,MemoryChunk,0x363ed000000
delete,MemoryChunk,0xc1bf700000
delete,MemoryChunk,0x2c52eb40000
delete,MemoryChunk,0x20924f00000
delete,MemoryChunk,0x3010ad00000
delete,MemoryChunk,0x2e8ac0c0000
delete,MemoryChunk,0x3b11a940000
delete,MemoryChunk,0x7761a40000
delete,MemoryChunk,0xd824b00000
delete,MemoryChunk,0x3bda7bc0000
delete,MemoryChunk,0xf0f7f80000
delete,MemoryChunk,0x32719d40000
delete,MemoryChunk,0xd076200000
delete,MemoryChunk,0x3570e700000
delete,MemoryChunk,0x2a88c880000
delete,MemoryChunk,0x8f205c0000
delete,MemoryChunk,0x1a843bc0000
delete,MemoryChunk,0xd0f3ec0000
delete,MemoryChunk,0x3b7a6d40000
delete,MemoryChunk,0x749da80000
delete,MemoryChunk,0x1b714200000
delete,MemoryChunk,0xda3e2c0000
delete,MemoryChunk,0x15ea87c0000
delete,MemoryChunk,0x2a52aa00000
delete,MemoryChunk,0x9fc1540000
delete,MemoryChunk,0x3ad66700000
delete,MemoryChunk,0x3b8e4800000
delete,MemoryChunk,0x1cafe440000
delete,MemoryChunk,0x1fa99380000
delete,MemoryChunk,0x38c84300000
delete,MemoryChunk,0x23d18f80000
delete,MemoryChunk,0xdeee00000
delete,MemoryChunk,0x2806d3c0000
delete,MemoryChunk,0x554f700000
delete,MemoryChunk,0x21dbc440000
delete,MemoryChunk,0x298f9a40000
delete,MemoryChunk,0x39a8f40000
delete,MemoryChunk,0x11962a40000
delete,MemoryChunk,0x2549ea40000
delete,MemoryChunk,0x17cc0600000
delete,MemoryChunk,0xa562480000
delete,MemoryChunk,0x3c8d6680000
delete,MemoryChunk,0x825d440000
delete,MemoryChunk,0x246a980000
delete,MemoryChunk,0x1128cf00000
delete,MemoryChunk,0x38e1cec0000
delete,MemoryChunk,0x34a4c940000
delete,MemoryChunk,0x8068f00000
delete,MemoryChunk,0x5ff9700000
delete,MemoryChunk,0x2e0924c0000
delete,MemoryChunk,0x1b3e80c0000
delete,MemoryChunk,0x2a958500000
delete,MemoryChunk,0x953b280000
delete,MemoryChunk,0x3f546540000
delete,MemoryChunk,0x123e4d80000
delete,MemoryChunk,0x3962880000
delete,MemoryChunk,0x8e88a40000
delete,MemoryChunk,0x278ad00000
delete,MemoryChunk,0x92bf940000
markcompact,begin,4,882831,1608213875484
new,MemoryChunk,0x233c6e00000,262144
delete,MemoryChunk,0x2149a5c0000
delete,MemoryChunk,0x2f76e040000
delete,MemoryChunk,0x2b97b380000
delete,MemoryChunk,0x1ec68d40000
markcompact,end,4,898431,1608213875515
delete,MemoryChunk,0x8b450c0000
delete,MemoryChunk,0x2abc5dc0000
delete,MemoryChunk,0x16e13f00000
delete,MemoryChunk,0x39ca7f00000
delete,MemoryChunk,0x31372c0000
delete,MemoryChunk,0x278ad00000
delete,MemoryChunk,0x2a52aa00000
delete,MemoryChunk,0xc1bf700000
delete,MemoryChunk,0x1adbf580000
delete,MemoryChunk,0x1b3360c0000
delete,MemoryChunk,0x252c5440000
delete,MemoryChunk,0x347143c0000
